debug Enabling plugins for supported SDK version '14.5.0' [cli-version: 20200406.134415.5d169cf83f] [timestamp: 2020-05-16T17:30:55+03:00]
debug using local event logger [cli-version: 20200406.134415.5d169cf83f] [timestamp: 2020-05-16T17:30:55+03:00]
debug starting wrapper services endpoint [cli-version: 20200406.134415.5d169cf83f] [timestamp: 2020-05-16T17:30:55+03:00]
debug health-check message from wrapper service received [cli-version: 20200406.134415.5d169cf83f] [timestamp: 2020-05-16T17:30:55+03:00]
debug wrapper service started successfully in 3.9881ms after 1 attempt(s) [cli-version: 20200406.134415.5d169cf83f] [timestamp: 2020-05-16T17:30:55+03:00]
debug Importing the SDK plugin for project SDK version '14.5.0'. [cli-version: 20200406.134415.5d169cf83f] [timestamp: 2020-05-16T17:30:55+03:00]
debug Retrieved the plugin commands from cache. [cli-version: 20200406.134415.5d169cf83f] [timestamp: 2020-05-16T17:30:55+03:00]
debug Adding new command: 'build'. [cli-version: 20200406.134415.5d169cf83f] [timestamp: 2020-05-16T17:30:55+03:00]
debug Adding new command: 'clean'. [cli-version: 20200406.134415.5d169cf83f] [timestamp: 2020-05-16T17:30:55+03:00]
debug Adding new command: 'codegen'. [cli-version: 20200406.134415.5d169cf83f] [timestamp: 2020-05-16T17:30:55+03:00]
debug Adding new command: 'diagnose'. [cli-version: 20200406.134415.5d169cf83f] [timestamp: 2020-05-16T17:30:55+03:00]
debug Adding new command: 'exec'. [cli-version: 20200406.134415.5d169cf83f] [timestamp: 2020-05-16T17:30:55+03:00]
debug Adding new command: 'file'. [cli-version: 20200406.134415.5d169cf83f] [timestamp: 2020-05-16T17:30:55+03:00]
debug Not changing existing command as imported command does not have an implementation: 'local'. [cli-version: 20200406.134415.5d169cf83f] [timestamp: 2020-05-16T17:30:55+03:00]
debug Not changing existing command as imported command does not have an implementation: 'worker'. [cli-version: 20200406.134415.5d169cf83f] [timestamp: 2020-05-16T17:30:55+03:00]
debug Adding new command: 'launch'. [cli-version: 20200406.134415.5d169cf83f] [timestamp: 2020-05-16T17:30:55+03:00]
debug Adding aliases to 'package' command: worker_package [cli-version: 20200406.134415.5d169cf83f] [timestamp: 2020-05-16T17:30:55+03:00]
debug Adding new command: 'clean'. [cli-version: 20200406.134415.5d169cf83f] [timestamp: 2020-05-16T17:30:55+03:00]
debug Adding new command: 'unpack'. [cli-version: 20200406.134415.5d169cf83f] [timestamp: 2020-05-16T17:30:55+03:00]
debug Adding new command: 'unpack-to'. [cli-version: 20200406.134415.5d169cf83f] [timestamp: 2020-05-16T17:30:55+03:00]
debug Adding new command: 'prepare-for-run'. [cli-version: 20200406.134415.5d169cf83f] [timestamp: 2020-05-16T17:30:55+03:00]
debug Not changing existing command as imported command does not have an implementation: 'project'. [cli-version: 20200406.134415.5d169cf83f] [timestamp: 2020-05-16T17:30:55+03:00]
debug Not changing existing command as imported command does not have an implementation: 'history'. [cli-version: 20200406.134415.5d169cf83f] [timestamp: 2020-05-16T17:30:55+03:00]
debug Not changing existing command as imported command does not have an implementation: 'snapshot'. [cli-version: 20200406.134415.5d169cf83f] [timestamp: 2020-05-16T17:30:55+03:00]
debug Adding new command: 'convert'. [cli-version: 20200406.134415.5d169cf83f] [timestamp: 2020-05-16T17:30:55+03:00]
debug Adding new command: 'schema'. [cli-version: 20200406.134415.5d169cf83f] [timestamp: 2020-05-16T17:30:55+03:00]
debug Adding new command: 'setup'. [cli-version: 20200406.134415.5d169cf83f] [timestamp: 2020-05-16T17:30:55+03:00]
debug Adding new command: 'worker'. [cli-version: 20200406.134415.5d169cf83f] [timestamp: 2020-05-16T17:30:55+03:00]
debug Executing command: spatial.exe service start --version=20200311.145308.ef0fc31004 [cli-version: 20200406.134415.5d169cf83f] [timestamp: 2020-05-16T17:30:55+03:00]
warning A newer version of spatial is available. Run 'spatial update' to get the latest version.
For more information, see https://documentation.improbable.io/spatialos-overview/docs/release-policies#section-spatial-os-cli-releases [cli-version: 20200406.134415.5d169cf83f] [timestamp: 2020-05-16T17:30:55+03:00]
info Downloading local API service version 20200311.145308.ef0fc31004... [cli-version: 20200406.134415.5d169cf83f] [timestamp: 2020-05-16T17:30:57+03:00]
info Starting local API service on port 9876 with project file D:\Games\Mirror\spatial\spatialos.json... [cli-version: 20200406.134415.5d169cf83f] [timestamp: 2020-05-16T17:30:57+03:00]
info Started local API service (pid: 4344, port: 9876) with status: RUNNING. [cli-version: 20200406.134415.5d169cf83f] [timestamp: 2020-05-16T17:30:59+03:00]
info Run 'spatial service status' to recheck status. Logs can be found here: C:\Users\Dante\AppData\Local\.improbable\spatiald\log\spatiald.log. [cli-version: 20200406.134415.5d169cf83f] [timestamp: 2020-05-16T17:30:59+03:00]
debug wrapper services endpoint shut down gracefully [cli-version: 20200406.134415.5d169cf83f] [timestamp: 2020-05-16T17:30:59+03:00]
