debug Enabling plugins for supported SDK version '14.5.0' [cli-version: 20200406.134415.5d169cf83f] [timestamp: 2020-05-16T19:47:47+03:00]
debug using local event logger [cli-version: 20200406.134415.5d169cf83f] [timestamp: 2020-05-16T19:47:47+03:00]
debug Wrapper services will start on a non-default port (52425). [cli-version: 20200406.134415.5d169cf83f] [timestamp: 202debug health-check message from wrapper service received [cli-version: 20200406.134415.5d169cf83f] [timestamp: 2020-05-16T19:47:47+03:00]
debug wrapper service started successfully in 19.9484ms after 1 attempt(s) [cli-version: 20200406.134415.5d169cf83f] [timestamp: 2020-05-16T19:47:47+03:00]
debug Importing the SDK plugin for project SDK version '14.5.0'. [cli-version: 20200406.134415.5d169cf83f] [timestamp: 2020-05-16T19:47:47+03:00]
debug Retrieved the plugin commands from cache. [cli-version: 20200406.134415.5d169cf83f] [timestamp: 2020-05-16T19:47:47+03:00]
debug Adding new command: 'build'. [cli-version: 20200406.134415.5d169cf83f] [timestamp: 2020-05-16T19:47:47+03:00]
debug Adding new command: 'clean'. [cli-version: 20200406.134415.5d169cf83f] [timestamp: 2020-05-16T19:47:47+03:00]
debug Adding new command: 'codegen'. [cli-version: 20200406.134415.5d169cf83f] [timestamp: 2020-05-16T19:47:47+03:00]
debug Adding new command: 'diagnose'. [cli-version: 20200406.134415.5d169cf83f] [timestamp: 2020-05-16T19:47:47+03:00]
debug Adding new command: 'exec'. [cli-version: 20200406.134415.5d169cf83f] [timestamp: 2020-05-16T19:47:47+03:00]
debug Adding new command: 'file'. [cli-version: 20200406.134415.5d169cf83f] [timestamp: 2020-05-16T19:47:47+03:00]
debug Not changing existing command as imported command does not have an implementation: 'local'. [cli-version: 20200406.134415.5d169cf83f] [timestamp: 2020-05-16T19:47:47+03:00]
debug Not changing existing command as imported command does not have an implementation: 'worker'. [cli-version: 20200406.134415.5d169cf83f] [timestamp: 2020-05-16T19:47:47+03:00]
debug Adding new command: 'launch'. [cli-version: 20200406.134415.5d169cf83f] [timestamp: 2020-05-16T19:47:47+03:00]
debug Adding aliases to 'package' command: worker_package [cli-version: 20200406.134415.5d169cf83f] [timestamp: 2020-05-16T19:47:47+03:00]
debug Adding new command: 'clean'. [cli-version: 20200406.134415.5d169cf83f] [timestamp: 2020-05-16T19:47:47+03:00]
debug Adding new command: 'unpack'. [cli-version: 20200406.134415.5d169cf83f] [timestamp: 2020-05-16T19:47:47+03:00]
debug Adding new command: 'unpack-to'. [cli-version: 20200406.134415.5d169cf83f] [timestamp: 2020-05-16T19:47:47+03:00]
debug Adding new command: 'prepare-for-run'. [cli-version: 20200406.134415.5d169cf83f] [timestamp: 2020-05-16T19:47:47+03:00]
debug Not changing existing command as imported command does not have an implementation: 'project'. [cli-version: 20200406.134415.5d169cf83f] [timestamp: 2020-05-16T19:47:47+03:00]
debug Not changing existing command as imported command does not have an implementation: 'history'. [cli-version: 20200406.134415.5d169cf83f] [timestamp: 2020-05-16T19:47:47+03:00]
debug Not changing existing command as imported command does not have an implementation: 'snapshot'. [cli-version: 20200406.134415.5d169cf83f] [timestamp: 2020-05-16T19:47:47+03:00]
debug Adding new command: 'convert'. [cli-version: 20200406.134415.5d169cf83f] [timestamp: 2020-05-16T19:47:47+03:00]
debug Adding new command: 'schema'. [cli-version: 20200406.134415.5d169cf83f] [timestamp: 2020-05-16T19:47:47+03:00]
debug Adding new command: 'setup'. [cli-version: 20200406.134415.5d169cf83f] [timestamp: 2020-05-16T19:47:47+03:00]
debug Adding new command: 'worker'. [cli-version: 20200406.134415.5d169cf83f] [timestamp: 2020-05-16T19:47:47+03:00]
debug Executing command: spatial.exe service stop [cli-version: 20200406.134415.5d169cf83f] [timestamp: 2020-05-16T19:47:47+03:00]
warning A newer version of spatial is available. Run 'spatial update' to get the latest version.
For more information, see https://documentation.improbable.iowarning A newer version of spatial is available. Run 'spatial update' to get the latest version.
For more information, see https://documentation.improbabledebug wrapper services endpoint shut down gracefully [cli-version: 20200406.134415.5d169cf83f] [timestamp: 2020-05-16T19:47:49+03:00]
0-05-16T19:47:47+03:00]
debug Executing command: [C:\Users\Dante\AppData\Local\.improbable\bin\plugins\sdk\14.5.0\sdk.exe worker build build-config --wrapper_service_port 52425 --]. [cli-version: 20200406.134415.5d169cf83f] [timestamp: 2020-05-16T19:47:47+03:00]
debug Found project root at D:\Games\Mirror\spatial [cli-version: 20200406.134415.5d169cf83f] [timestamp: 2020-05-16T19:47:50+03:00]
debug Running within a SpatialOS project, using the default input paths '[D:\Games\Mirror\spatial\schema D:\Games\Mirror\spatial\build\dependencies\schema\standard_library]' [cli-version: 20200406.134415.5d169cf83f] [timestamp: 2020-05-16T19:47:50+03:00]
debug Executing '[C:\Users\Dante\AppData\Local\.improbable\bin\plugins\sdk\14.5.0\sdk.exe worker build build-config --wrapper_service_port 52425 --]' in 'D:\Games\Mirror\spatial' [cli-version: 20200406.134415.5d169cf83f] [timestamp: 2020-05-16T19:47:50+03:00]
debug Building worker assemblies. [cli-version: 20200406.134415.5d169cf83f] [timestamp: 2020-05-16T19:47:50+03:00]
info Generating bridge settings for SimulatedPlayerCoordinator. [cli-version: 20200406.134415.5d169cf83f] [timestamp: 2020-05-16T19:47:50+03:00]
info Generating managed worker configuration for SimulatedPlayerCoordinator. [cli-version: 20200406.134415.5d169cf83f] [timestamp: 2020-05-16T19:47:50+03:00]
info Generating bridge settings for UnrealClient. [cli-version: 20200406.134415.5d169cf83f] [timestamp: 2020-05-16T19:47:50+03:00]
debug Worker 'UnrealClient' defined at 'D:\Games\Mirror\spatial\workers\unreal\spatialos.UnrealClient.worker.json' has no managed launch configuration defined. [cli-version: 20200406.134415.5d169cf83f] [timestamp: 2020-05-16T19:47:50+03:00]
info Generating bridge settings for UnrealWorker. [cli-version: 20200406.134415.5d169cf83f] [timestamp: 2020-05-16T19:47:50+03:00]
info Generating managed worker configuration for UnrealWorker. [cli-version: 20200406.134415.5d169cf83f] [timestamp: 2020-05-16T19:47:50+03:00]
info 'spatial worker build build-config' succeeded [cli-version: 20200406.134415.5d169cf83f][formatting_hints: category:SUCCESS duration:<nanos:101729100 > ] [timestamp: 2020-05-16T19:47:50+03:00]
debug wrapper services endpoint shut down gracefully [cli-version: 20200406.134415.5d169cf83f] [timestamp: 2020-05-16T19:47:50+03:00]
