debug Enabling plugins for supported SDK version '14.5.0' [cli-version: 20200406.134415.5d169cf83f] [timestamp: 2020-05-17T17:28:29+03:00]
debug using local event logger [cli-version: 20200406.134415.5d169cf83f] [timestamp: 2020-05-17T17:28:29+03:00]
debug starting wrapper services endpoint [cli-version: 20200406.134415.5d169cf83f] [timestamp: 2020-05-17T17:28:29+03:00]
debug health-check message from wrapper service received [cli-version: 20200406.134415.5d169cf83f] [timestamp: 2020-05-17T17:28:29+03:00]
debug wrapper service started successfully in 5.985ms after 1 attempt(s) [cli-version: 20200406.134415.5d169cf83f] [timestamp: 2020-05-17T17:28:29+03:00]
debug Importing the SDK plugin for project SDK version '14.5.0'. [cli-version: 20200406.134415.5d169cf83f] [timestamp: 2020-05-17T17:28:29+03:00]
debug Retrieved the plugin commands from cache. [cli-version: 20200406.134415.5d169cf83f] [timestamp: 2020-05-17T17:28:29+03:00]
debug Adding new command: 'build'. [cli-version: 20200406.134415.5d169cf83f] [timestamp: 2020-05-17T17:28:29+03:00]
debug Adding new command: 'clean'. [cli-version: 20200406.134415.5d169cf83f] [timestamp: 2020-05-17T17:28:29+03:00]
debug Adding new command: 'codegen'. [cli-version: 20200406.134415.5d169cf83f] [timestamp: 2020-05-17T17:28:29+03:00]
debug Adding new command: 'diagnose'. [cli-version: 20200406.134415.5d169cf83f] [timestamp: 2020-05-17T17:28:29+03:00]
debug Adding new command: 'exec'. [cli-version: 20200406.134415.5d169cf83f] [timestamp: 2020-05-17T17:28:29+03:00]
debug Adding new command: 'file'. [cli-version: 20200406.134415.5d169cf83f] [timestamp: 2020-05-17T17:28:29+03:00]
debug Not changing existing command as imported command does not have an implementation: 'local'. [cli-version: 20200406.134415.5d169cf83f] [timestamp: 2020-05-17T17:28:29+03:00]
debug Not changing existing command as imported command does not have an implementation: 'worker'. [cli-version: 20200406.134415.5d169cf83f] [timestamp: 2020-05-17T17:28:29+03:00]
debug Adding new command: 'launch'. [cli-version: 20200406.134415.5d169cf83f] [timestamp: 2020-05-17T17:28:29+03:00]
debug Adding aliases to 'package' command: worker_package [cli-version: 20200406.134415.5d169cf83f] [timestamp: 2020-05-17T17:28:29+03:00]
debug Adding new command: 'clean'. [cli-version: 20200406.134415.5d169cf83f] [timestamp: 2020-05-17T17:28:29+03:00]
debug Adding new command: 'unpack'. [cli-version: 20200406.134415.5d169cf83f] [timestamp: 2020-05-17T17:28:29+03:00]
debug Adding new command: 'unpack-to'. [cli-version: 20200406.134415.5d169cf83f] [timestamp: 2020-05-17T17:28:29+03:00]
debug Adding new command: 'prepare-for-run'. [cli-version: 20200406.134415.5d169cf83f] [timestamp: 2020-05-17T17:28:29+03:00]
debug Not changing existing command as imported command does not have an implementation: 'project'. [cli-version: 20200406.134415.5d169cf83f] [timestamp: 2020-05-17T17:28:29+03:00]
debug Not changing existing command as imported command does not have an implementation: 'history'. [cli-version: 20200406.134415.5d169cf83f] [timestamp: 2020-05-17T17:28:29+03:00]
debug Not changing existing command as imported command does not have an implementation: 'snapshot'. [cli-version: 20200406.134415.5d169cf83f] [timestamp: 2020-05-17T17:28:29+03:00]
debug Adding new command: 'convert'. [cli-version: 20200406.134415.5d169cf83f] [timestamp: 2020-05-17T17:28:29+03:00]
debug Adding new command: 'schema'. [cli-version: 20200406.134415.5d169cf83f] [timestamp: 2020-05-17T17:28:29+03:00]
debug Adding new command: 'setup'. [cli-version: 20200406.134415.5d169cf83f] [timestamp: 2020-05-17T17:28:29+03:00]
debug Adding new command: 'worker'. [cli-version: 20200406.134415.5d169cf83f] [timestamp: 2020-05-17T17:28:29+03:00]
debug Executing command: spatial.exe version [cli-version: 20200406.134415.5d169cf83f] [timestamp: 2020-05-17T17:28:29+03:00]
warning A newer version of spatial is available. Run 'spatial update' to get the latest version.
For more information, see https://documentation.improbable.io/spatialos-overview/docs/release-policies#section-spatial-os-cli-releases [cli-version: 20200406.134415.5d169cf83f] [timestamp: 2020-05-17T17:28:30+03:00]
info SpatialOS SDK version for project 'unreal_gdk_starter_project': 14.5.0. [cli-version: 20200406.134415.5d169cf83f] [timestamp: 2020-05-17T17:28:30+03:00]
info 'spatial' command-line tool version: 20200406.134415.5d169cf83f. [cli-version: 20200406.134415.5d169cf83f] [timestamp: 2020-05-17T17:28:30+03:00]
info SpatialOS SDK versions installed locally: 14.5.0. [cli-version: 20200406.134415.5d169cf83f] [timestamp: 2020-05-17T17:28:30+03:00]
debug wrapper services endpoint shut down gracefully [cli-version: 20200406.134415.5d169cf83f] [timestamp: 2020-05-17T17:28:30+03:00]
